[ 2015-04-15T08:33:59+08:00 ] ::1 /apply/index.php
INFO: [ app_init ] --START--
INFO: Run Behavior\BuildLiteBehavior [ RunTime:0.000049s ]
INFO: [ app_init ] --END-- [ RunTime:0.019127s ]
INFO: [ app_begin ] --START--
INFO: Run Behavior\ReadHtmlCacheBehavior [ RunTime:0.013471s ]
INFO: [ app_begin ] --END-- [ RunTime:0.013578s ]

[ 2015-04-15T08:34:59+08:00 ] ::1 /apply/index.php/Home/Index/handle
INFO: [ app_init ] --START--
INFO: Run Behavior\BuildLiteBehavior [ RunTime:0.000015s ]
INFO: [ app_init ] --END-- [ RunTime:0.000399s ]
INFO: [ app_begin ] --START--
INFO: Run Behavior\ReadHtmlCacheBehavior [ RunTime:0.000565s ]
INFO: [ app_begin ] --END-- [ RunTime:0.000616s ]
ERR: 页面不存在

[ 2015-04-15T08:35:17+08:00 ] ::1 /apply/index.php/Home/Index
INFO: [ app_init ] --START--
INFO: Run Behavior\BuildLiteBehavior [ RunTime:0.000020s ]
INFO: [ app_init ] --END-- [ RunTime:0.000472s ]
INFO: [ app_begin ] --START--
INFO: Run Behavior\ReadHtmlCacheBehavior [ RunTime:0.000599s ]
INFO: [ app_begin ] --END-- [ RunTime:0.000675s ]

[ 2015-04-15T08:35:30+08:00 ] ::1 /apply/index.php/Home/Index
INFO: [ app_init ] --START--
INFO: Run Behavior\BuildLiteBehavior [ RunTime:0.000033s ]
INFO: [ app_init ] --END-- [ RunTime:0.000552s ]
INFO: [ app_begin ] --START--
INFO: Run Behavior\ReadHtmlCacheBehavior [ RunTime:0.000659s ]
INFO: [ app_begin ] --END-- [ RunTime:0.000746s ]
INFO: [ view_parse ] --START--
INFO: [ template_filter ] --START--
INFO: Run Behavior\ContentReplaceBehavior [ RunTime:0.000045s ]
INFO: [ template_filter ] --END-- [ RunTime:0.000105s ]
NOTIC: [8] Undefined variable: d D:\xampp\htdocs\apply\App\Runtime\Cache\Home\6c4ff2cd8a81a789bf60aca2850cd8fd.php 第 29 行.
INFO: Run Behavior\ParseTemplateBehavior [ RunTime:0.090543s ]
INFO: [ view_parse ] --END-- [ RunTime:0.090642s ]
INFO: [ view_filter ] --START--
INFO: Run Behavior\WriteHtmlCacheBehavior [ RunTime:0.029431s ]
INFO: [ view_filter ] --END-- [ RunTime:0.029596s ]
INFO: [ app_end ] --START--
INFO: Run Behavior\ShowPageTraceBehavior [ RunTime:0.027668s ]
INFO: [ app_end ] --END-- [ RunTime:0.027881s ]

[ 2015-04-15T08:36:39+08:00 ] ::1 /apply/index.php/Home/WebShow/indi_resumeNum_interNum_show
INFO: [ app_init ] --START--
INFO: Run Behavior\BuildLiteBehavior [ RunTime:0.000023s ]
INFO: [ app_init ] --END-- [ RunTime:0.000585s ]
INFO: [ app_begin ] --START--
INFO: Run Behavior\ReadHtmlCacheBehavior [ RunTime:0.000626s ]
INFO: [ app_begin ] --END-- [ RunTime:0.000688s ]

[ 2015-04-15T08:37:07+08:00 ] ::1 /apply/index.php/Home/WebShow/indi_resumeNum_interNum_show
INFO: [ app_init ] --START--
INFO: Run Behavior\BuildLiteBehavior [ RunTime:0.000013s ]
INFO: [ app_init ] --END-- [ RunTime:0.000372s ]
INFO: [ app_begin ] --START--
INFO: Run Behavior\ReadHtmlCacheBehavior [ RunTime:0.000579s ]
INFO: [ app_begin ] --END-- [ RunTime:0.000639s ]

[ 2015-04-15T08:37:58+08:00 ] ::1 /apply/index.php/Home/WebShow/indi_resumeNum_interNum_show
INFO: [ app_init ] --START--
INFO: Run Behavior\BuildLiteBehavior [ RunTime:0.000014s ]
INFO: [ app_init ] --END-- [ RunTime:0.000382s ]
INFO: [ app_begin ] --START--
INFO: Run Behavior\ReadHtmlCacheBehavior [ RunTime:0.000562s ]
INFO: [ app_begin ] --END-- [ RunTime:0.000615s ]

[ 2015-04-15T08:37:58+08:00 ] ::1 /apply/index.php/Home/WebShow/%E7%99%BB%E9%99%86%E7%95%8C%E9%9D%A2.html.html
INFO: [ app_init ] --START--
INFO: Run Behavior\BuildLiteBehavior [ RunTime:0.000014s ]
INFO: [ app_init ] --END-- [ RunTime:0.000337s ]
INFO: [ app_begin ] --START--
INFO: Run Behavior\ReadHtmlCacheBehavior [ RunTime:0.000445s ]
INFO: [ app_begin ] --END-- [ RunTime:0.000499s ]
ERR: 非法操作:登陆界面.html

[ 2015-04-15T08:38:16+08:00 ] ::1 /apply/index.php/Home/WebShow/%E7%99%BB%E9%99%86%E7%95%8C%E9%9D%A2.html.html
INFO: [ app_init ] --START--
INFO: Run Behavior\BuildLiteBehavior [ RunTime:0.000014s ]
INFO: [ app_init ] --END-- [ RunTime:0.000374s ]
INFO: [ app_begin ] --START--
INFO: Run Behavior\ReadHtmlCacheBehavior [ RunTime:0.000542s ]
INFO: [ app_begin ] --END-- [ RunTime:0.000595s ]

[ 2015-04-15T08:38:36+08:00 ] ::1 /apply/index.php/Home/WebShow/%E7%99%BB%E9%99%86%E7%95%8C%E9%9D%A2.html.html
INFO: [ app_init ] --START--
INFO: Run Behavior\BuildLiteBehavior [ RunTime:0.000014s ]
INFO: [ app_init ] --END-- [ RunTime:0.000386s ]
INFO: [ app_begin ] --START--
INFO: Run Behavior\ReadHtmlCacheBehavior [ RunTime:0.000862s ]
INFO: [ app_begin ] --END-- [ RunTime:0.000951s ]
ERR: 非法操作:登陆界面.html

[ 2015-04-15T08:39:15+08:00 ] ::1 /apply/index.php/Home/WebShow/%E7%99%BB%E9%99%86%E7%95%8C%E9%9D%A2.html.html
INFO: [ app_init ] --START--
INFO: Run Behavior\BuildLiteBehavior [ RunTime:0.000014s ]
INFO: [ app_init ] --END-- [ RunTime:0.000332s ]
INFO: [ app_begin ] --START--
INFO: Run Behavior\ReadHtmlCacheBehavior [ RunTime:0.000439s ]
INFO: [ app_begin ] --END-- [ RunTime:0.000492s ]
ERR: 非法操作:登陆界面.html

[ 2015-04-15T08:39:16+08:00 ] ::1 /apply/index.php/Home/WebShow/%E7%99%BB%E9%99%86%E7%95%8C%E9%9D%A2.html.html
INFO: [ app_init ] --START--
INFO: Run Behavior\BuildLiteBehavior [ RunTime:0.000021s ]
INFO: [ app_init ] --END-- [ RunTime:0.000477s ]
INFO: [ app_begin ] --START--
INFO: Run Behavior\ReadHtmlCacheBehavior [ RunTime:0.000746s ]
INFO: [ app_begin ] --END-- [ RunTime:0.000846s ]
ERR: 非法操作:登陆界面.html

[ 2015-04-15T08:43:56+08:00 ] ::1 /apply/index.php/Home/WebShow/%E7%99%BB%E9%99%86%E7%95%8C%E9%9D%A2.html.html
INFO: [ app_init ] --START--
INFO: Run Behavior\BuildLiteBehavior [ RunTime:0.000015s ]
INFO: [ app_init ] --END-- [ RunTime:0.000396s ]
INFO: [ app_begin ] --START--
INFO: Run Behavior\ReadHtmlCacheBehavior [ RunTime:0.000547s ]
INFO: [ app_begin ] --END-- [ RunTime:0.000597s ]
ERR: 非法操作:登陆界面.html

[ 2015-04-15T08:43:57+08:00 ] ::1 /apply/index.php/Home/WebShow/%E7%99%BB%E9%99%86%E7%95%8C%E9%9D%A2.html.html
INFO: [ app_init ] --START--
INFO: Run Behavior\BuildLiteBehavior [ RunTime:0.000014s ]
INFO: [ app_init ] --END-- [ RunTime:0.000322s ]
INFO: [ app_begin ] --START--
INFO: Run Behavior\ReadHtmlCacheBehavior [ RunTime:0.000412s ]
INFO: [ app_begin ] --END-- [ RunTime:0.000463s ]
ERR: 非法操作:登陆界面.html

[ 2015-04-15T08:43:58+08:00 ] ::1 /apply/index.php/Home/WebShow/%E7%99%BB%E9%99%86%E7%95%8C%E9%9D%A2.html.html
INFO: [ app_init ] --START--
INFO: Run Behavior\BuildLiteBehavior [ RunTime:0.000013s ]
INFO: [ app_init ] --END-- [ RunTime:0.000325s ]
INFO: [ app_begin ] --START--
INFO: Run Behavior\ReadHtmlCacheBehavior [ RunTime:0.000414s ]
INFO: [ app_begin ] --END-- [ RunTime:0.000464s ]
ERR: 非法操作:登陆界面.html

[ 2015-04-15T08:46:54+08:00 ] ::1 /apply/index.php/Home/WebShow/indi_resumeNum_interNum_show
INFO: [ app_init ] --START--
INFO: Run Behavior\BuildLiteBehavior [ RunTime:0.000015s ]
INFO: [ app_init ] --END-- [ RunTime:0.000390s ]
INFO: [ app_begin ] --START--
INFO: Run Behavior\ReadHtmlCacheBehavior [ RunTime:0.000615s ]
INFO: [ app_begin ] --END-- [ RunTime:0.000690s ]

[ 2015-04-15T08:47:30+08:00 ] ::1 /apply/index.php/Home/WebShow/indi_resumeNum_interNum_show
INFO: [ app_init ] --START--
INFO: Run Behavior\BuildLiteBehavior [ RunTime:0.000015s ]
INFO: [ app_init ] --END-- [ RunTime:0.000342s ]
INFO: [ app_begin ] --START--
INFO: Run Behavior\ReadHtmlCacheBehavior [ RunTime:0.000441s ]
INFO: [ app_begin ] --END-- [ RunTime:0.000499s ]
INFO: [ app_end ] --START--
INFO: Run Behavior\ShowPageTraceBehavior [ RunTime:0.000534s ]
INFO: [ app_end ] --END-- [ RunTime:0.000584s ]

[ 2015-04-15T08:48:11+08:00 ] ::1 /apply/index.php/Home/WebShow/indi_resumeNum_interNum_show
INFO: [ app_init ] --START--
INFO: Run Behavior\BuildLiteBehavior [ RunTime:0.000013s ]
INFO: [ app_init ] --END-- [ RunTime:0.000342s ]
INFO: [ app_begin ] --START--
INFO: Run Behavior\ReadHtmlCacheBehavior [ RunTime:0.000414s ]
INFO: [ app_begin ] --END-- [ RunTime:0.000480s ]
INFO: [ app_end ] --START--
INFO: Run Behavior\ShowPageTraceBehavior [ RunTime:0.000508s ]
INFO: [ app_end ] --END-- [ RunTime:0.000567s ]

[ 2015-04-15T08:48:12+08:00 ] ::1 /apply/index.php/Home/WebShow/indi_resumeNum_interNum_show
INFO: [ app_init ] --START--
INFO: Run Behavior\BuildLiteBehavior [ RunTime:0.000014s ]
INFO: [ app_init ] --END-- [ RunTime:0.000335s ]
INFO: [ app_begin ] --START--
INFO: Run Behavior\ReadHtmlCacheBehavior [ RunTime:0.000428s ]
INFO: [ app_begin ] --END-- [ RunTime:0.000479s ]
INFO: [ app_end ] --START--
INFO: Run Behavior\ShowPageTraceBehavior [ RunTime:0.000415s ]
INFO: [ app_end ] --END-- [ RunTime:0.000464s ]

[ 2015-04-15T08:49:16+08:00 ] ::1 /apply/index.php/Home/WebShow/indi_resumeNum_interNum_show
INFO: [ app_init ] --START--
INFO: Run Behavior\BuildLiteBehavior [ RunTime:0.000014s ]
INFO: [ app_init ] --END-- [ RunTime:0.000371s ]
INFO: [ app_begin ] --START--
INFO: Run Behavior\ReadHtmlCacheBehavior [ RunTime:0.000544s ]
INFO: [ app_begin ] --END-- [ RunTime:0.000597s ]
INFO: [ app_end ] --START--
INFO: Run Behavior\ShowPageTraceBehavior [ RunTime:0.000443s ]
INFO: [ app_end ] --END-- [ RunTime:0.000496s ]

[ 2015-04-15T08:49:17+08:00 ] ::1 /apply/index.php/Home/WebShow/indi_resumeNum_interNum_show
INFO: [ app_init ] --START--
INFO: Run Behavior\BuildLiteBehavior [ RunTime:0.000015s ]
INFO: [ app_init ] --END-- [ RunTime:0.000323s ]
INFO: [ app_begin ] --START--
INFO: Run Behavior\ReadHtmlCacheBehavior [ RunTime:0.000413s ]
INFO: [ app_begin ] --END-- [ RunTime:0.000465s ]
INFO: [ app_end ] --START--
INFO: Run Behavior\ShowPageTraceBehavior [ RunTime:0.000477s ]
INFO: [ app_end ] --END-- [ RunTime:0.000538s ]

[ 2015-04-15T08:49:18+08:00 ] ::1 /apply/index.php/Home/WebShow/indi_resumeNum_interNum_show
INFO: [ app_init ] --START--
INFO: Run Behavior\BuildLiteBehavior [ RunTime:0.000013s ]
INFO: [ app_init ] --END-- [ RunTime:0.000320s ]
INFO: [ app_begin ] --START--
INFO: Run Behavior\ReadHtmlCacheBehavior [ RunTime:0.000412s ]
INFO: [ app_begin ] --END-- [ RunTime:0.000468s ]
INFO: [ app_end ] --START--
INFO: Run Behavior\ShowPageTraceBehavior [ RunTime:0.000410s ]
INFO: [ app_end ] --END-- [ RunTime:0.000459s ]

[ 2015-04-15T08:52:12+08:00 ] ::1 /apply/index.php/Home/WebShow/indi_resumeNum_interNum_show
INFO: [ app_init ] --START--
INFO: Run Behavior\BuildLiteBehavior [ RunTime:0.000016s ]
INFO: [ app_init ] --END-- [ RunTime:0.000404s ]
INFO: [ app_begin ] --START--
INFO: Run Behavior\ReadHtmlCacheBehavior [ RunTime:0.000552s ]
INFO: [ app_begin ] --END-- [ RunTime:0.000607s ]
INFO: [ app_end ] --START--
INFO: Run Behavior\ShowPageTraceBehavior [ RunTime:0.000545s ]
INFO: [ app_end ] --END-- [ RunTime:0.000604s ]

[ 2015-04-15T08:52:33+08:00 ] ::1 /apply/index.php/Home/WebShow/indi_resumeNum_interNum_show
INFO: [ app_init ] --START--
INFO: Run Behavior\BuildLiteBehavior [ RunTime:0.000014s ]
INFO: [ app_init ] --END-- [ RunTime:0.000357s ]
INFO: [ app_begin ] --START--
INFO: Run Behavior\ReadHtmlCacheBehavior [ RunTime:0.000408s ]
INFO: [ app_begin ] --END-- [ RunTime:0.000491s ]
INFO: [ app_end ] --START--
INFO: Run Behavior\ShowPageTraceBehavior [ RunTime:0.000421s ]
INFO: [ app_end ] --END-- [ RunTime:0.000472s ]

[ 2015-04-15T08:53:02+08:00 ] ::1 /apply/index.php/Home/WebShow/indi_resumeNum_interNum_show
INFO: [ app_init ] --START--
INFO: Run Behavior\BuildLiteBehavior [ RunTime:0.000013s ]
INFO: [ app_init ] --END-- [ RunTime:0.000322s ]
INFO: [ app_begin ] --START--
INFO: Run Behavior\ReadHtmlCacheBehavior [ RunTime:0.000430s ]
INFO: [ app_begin ] --END-- [ RunTime:0.000480s ]
INFO: [ app_end ] --START--
INFO: Run Behavior\ShowPageTraceBehavior [ RunTime:0.000605s ]
INFO: [ app_end ] --END-- [ RunTime:0.000673s ]

[ 2015-04-15T08:53:03+08:00 ] ::1 /apply/index.php/Home/WebShow/indi_resumeNum_interNum_show
INFO: [ app_init ] --START--
INFO: Run Behavior\BuildLiteBehavior [ RunTime:0.000014s ]
INFO: [ app_init ] --END-- [ RunTime:0.000325s ]
INFO: [ app_begin ] --START--
INFO: Run Behavior\ReadHtmlCacheBehavior [ RunTime:0.000407s ]
INFO: [ app_begin ] --END-- [ RunTime:0.000456s ]
INFO: [ app_end ] --START--
INFO: Run Behavior\ShowPageTraceBehavior [ RunTime:0.000411s ]
INFO: [ app_end ] --END-- [ RunTime:0.000458s ]

[ 2015-04-15T08:53:04+08:00 ] ::1 /apply/index.php/Home/WebShow/indi_resumeNum_interNum_show
INFO: [ app_init ] --START--
INFO: Run Behavior\BuildLiteBehavior [ RunTime:0.000013s ]
INFO: [ app_init ] --END-- [ RunTime:0.000337s ]
INFO: [ app_begin ] --START--
INFO: Run Behavior\ReadHtmlCacheBehavior [ RunTime:0.000480s ]
INFO: [ app_begin ] --END-- [ RunTime:0.000547s ]
INFO: [ app_end ] --START--
INFO: Run Behavior\ShowPageTraceBehavior [ RunTime:0.000420s ]
INFO: [ app_end ] --END-- [ RunTime:0.000470s ]

[ 2015-04-15T08:53:04+08:00 ] ::1 /apply/index.php/Home/WebShow/indi_resumeNum_interNum_show
INFO: [ app_init ] --START--
INFO: Run Behavior\BuildLiteBehavior [ RunTime:0.000014s ]
INFO: [ app_init ] --END-- [ RunTime:0.000350s ]
INFO: [ app_begin ] --START--
INFO: Run Behavior\ReadHtmlCacheBehavior [ RunTime:0.000414s ]
INFO: [ app_begin ] --END-- [ RunTime:0.000464s ]
INFO: [ app_end ] --START--
INFO: Run Behavior\ShowPageTraceBehavior [ RunTime:0.000422s ]
INFO: [ app_end ] --END-- [ RunTime:0.000469s ]

[ 2015-04-15T08:53:04+08:00 ] ::1 /apply/index.php/Home/WebShow/indi_resumeNum_interNum_show
INFO: [ app_init ] --START--
INFO: Run Behavior\BuildLiteBehavior [ RunTime:0.000014s ]
INFO: [ app_init ] --END-- [ RunTime:0.000320s ]
INFO: [ app_begin ] --START--
INFO: Run Behavior\ReadHtmlCacheBehavior [ RunTime:0.000442s ]
INFO: [ app_begin ] --END-- [ RunTime:0.000493s ]
INFO: [ app_end ] --START--
INFO: Run Behavior\ShowPageTraceBehavior [ RunTime:0.000431s ]
INFO: [ app_end ] --END-- [ RunTime:0.000483s ]

[ 2015-04-15T08:53:04+08:00 ] ::1 /apply/index.php/Home/WebShow/indi_resumeNum_interNum_show
INFO: [ app_init ] --START--
INFO: Run Behavior\BuildLiteBehavior [ RunTime:0.000013s ]
INFO: [ app_init ] --END-- [ RunTime:0.000323s ]
INFO: [ app_begin ] --START--
INFO: Run Behavior\ReadHtmlCacheBehavior [ RunTime:0.000415s ]
INFO: [ app_begin ] --END-- [ RunTime:0.000466s ]
INFO: [ app_end ] --START--
INFO: Run Behavior\ShowPageTraceBehavior [ RunTime:0.000414s ]
INFO: [ app_end ] --END-- [ RunTime:0.000460s ]

[ 2015-04-15T08:53:25+08:00 ] ::1 /apply/index.php/Home/WebShow/indi_resumeNum_interNum_show
INFO: [ app_init ] --START--
INFO: Run Behavior\BuildLiteBehavior [ RunTime:0.000017s ]
INFO: [ app_init ] --END-- [ RunTime:0.000348s ]
INFO: [ app_begin ] --START--
INFO: Run Behavior\ReadHtmlCacheBehavior [ RunTime:0.000441s ]
INFO: [ app_begin ] --END-- [ RunTime:0.000489s ]
INFO: [ app_end ] --START--
INFO: Run Behavior\ShowPageTraceBehavior [ RunTime:0.000410s ]
INFO: [ app_end ] --END-- [ RunTime:0.000459s ]

[ 2015-04-15T08:53:25+08:00 ] ::1 /apply/index.php/Home/WebShow/indi_resumeNum_interNum_show
INFO: [ app_init ] --START--
INFO: Run Behavior\BuildLiteBehavior [ RunTime:0.000013s ]
INFO: [ app_init ] --END-- [ RunTime:0.000302s ]
INFO: [ app_begin ] --START--
INFO: Run Behavior\ReadHtmlCacheBehavior [ RunTime:0.000412s ]
INFO: [ app_begin ] --END-- [ RunTime:0.000462s ]
INFO: [ app_end ] --START--
INFO: Run Behavior\ShowPageTraceBehavior [ RunTime:0.000420s ]
INFO: [ app_end ] --END-- [ RunTime:0.000470s ]

[ 2015-04-15T08:53:35+08:00 ] ::1 /apply/index.php/Home/WebShow/indi_resumeNum_interNum_show
INFO: [ app_init ] --START--
INFO: Run Behavior\BuildLiteBehavior [ RunTime:0.000020s ]
INFO: [ app_init ] --END-- [ RunTime:0.000342s ]
INFO: [ app_begin ] --START--
INFO: Run Behavior\ReadHtmlCacheBehavior [ RunTime:0.000414s ]
INFO: [ app_begin ] --END-- [ RunTime:0.000465s ]
INFO: [ app_end ] --START--
INFO: Run Behavior\ShowPageTraceBehavior [ RunTime:0.000447s ]
INFO: [ app_end ] --END-- [ RunTime:0.000495s ]

[ 2015-04-15T08:54:04+08:00 ] ::1 /apply/index.php/Home/WebShow/indi_resumeNum_interNum_show
INFO: [ app_init ] --START--
INFO: Run Behavior\BuildLiteBehavior [ RunTime:0.000013s ]
INFO: [ app_init ] --END-- [ RunTime:0.000325s ]
INFO: [ app_begin ] --START--
INFO: Run Behavior\ReadHtmlCacheBehavior [ RunTime:0.000449s ]
INFO: [ app_begin ] --END-- [ RunTime:0.000500s ]
INFO: [ app_end ] --START--
INFO: Run Behavior\ShowPageTraceBehavior [ RunTime:0.000611s ]
INFO: [ app_end ] --END-- [ RunTime:0.000676s ]

[ 2015-04-15T08:55:01+08:00 ] ::1 /apply/index.php/Home/WebShow/indi_resumeNum_interNum_show
INFO: [ app_init ] --START--
INFO: Run Behavior\BuildLiteBehavior [ RunTime:0.000022s ]
INFO: [ app_init ] --END-- [ RunTime:0.000622s ]
INFO: [ app_begin ] --START--
INFO: Run Behavior\ReadHtmlCacheBehavior [ RunTime:0.000802s ]
INFO: [ app_begin ] --END-- [ RunTime:0.000882s ]
NOTIC: [8] Use of undefined constant indiId - assumed 'indiId' D:\xampp\htdocs\apply\App\Home\Controller\WebShowController.class.php 第 16 行.
SQL: SHOW COLUMNS FROM `user_info` [ RunTime:0.0032s ]
NOTIC: [8] Undefined variable: userEmail D:\xampp\htdocs\apply\App\Home\Controller\WebShowController.class.php 第 17 行.
SQL: SELECT * FROM `user_info` LIMIT 1   [ RunTime:0.0004s ]
NOTIC: [8] Use of undefined constant DelieverNum - assumed 'DelieverNum' D:\xampp\htdocs\apply\App\Home\Controller\WebShowController.class.php 第 18 行.

[ 2015-04-15T08:55:22+08:00 ] ::1 /apply/index.php/Home/WebShow/indi_resumeNum_interNum_show
INFO: [ app_init ] --START--
INFO: Run Behavior\BuildLiteBehavior [ RunTime:0.000015s ]
INFO: [ app_init ] --END-- [ RunTime:0.000329s ]
INFO: [ app_begin ] --START--
INFO: Run Behavior\ReadHtmlCacheBehavior [ RunTime:0.000421s ]
INFO: [ app_begin ] --END-- [ RunTime:0.000479s ]
SQL: SHOW COLUMNS FROM `user_info` [ RunTime:0.0025s ]
NOTIC: [8] Undefined variable: userEmail D:\xampp\htdocs\apply\App\Home\Controller\WebShowController.class.php 第 17 行.
SQL: SELECT * FROM `user_info` LIMIT 1   [ RunTime:0.0003s ]
NOTIC: [8] Use of undefined constant DelieverNum - assumed 'DelieverNum' D:\xampp\htdocs\apply\App\Home\Controller\WebShowController.class.php 第 18 行.

[ 2015-04-15T08:55:52+08:00 ] ::1 /apply/index.php/Home/WebShow/indi_resumeNum_interNum_show
INFO: [ app_init ] --START--
INFO: Run Behavior\BuildLiteBehavior [ RunTime:0.000014s ]
INFO: [ app_init ] --END-- [ RunTime:0.000337s ]
INFO: [ app_begin ] --START--
INFO: Run Behavior\ReadHtmlCacheBehavior [ RunTime:0.000483s ]
INFO: [ app_begin ] --END-- [ RunTime:0.000533s ]
SQL: SHOW COLUMNS FROM `user_info` [ RunTime:0.0025s ]
SQL: SELECT * FROM `user_info` WHERE `userEmail` = '123456@qq.com' LIMIT 1   [ RunTime:0.0004s ]
NOTIC: [8] Array to string conversion D:\xampp\htdocs\apply\App\Home\Controller\WebShowController.class.php 第 18 行.

[ 2015-04-15T08:55:52+08:00 ] ::1 /apply/index.php/Home/WebShow/indi_resumeNum_interNum_show
INFO: [ app_init ] --START--
INFO: Run Behavior\BuildLiteBehavior [ RunTime:0.000015s ]
INFO: [ app_init ] --END-- [ RunTime:0.000382s ]
INFO: [ app_begin ] --START--
INFO: Run Behavior\ReadHtmlCacheBehavior [ RunTime:0.000441s ]
INFO: [ app_begin ] --END-- [ RunTime:0.000491s ]
SQL: SHOW COLUMNS FROM `user_info` [ RunTime:0.0026s ]
SQL: SELECT * FROM `user_info` WHERE `userEmail` = '123456@qq.com' LIMIT 1   [ RunTime:0.0003s ]
NOTIC: [8] Array to string conversion D:\xampp\htdocs\apply\App\Home\Controller\WebShowController.class.php 第 18 行.

[ 2015-04-15T08:55:53+08:00 ] ::1 /apply/index.php/Home/WebShow/indi_resumeNum_interNum_show
INFO: [ app_init ] --START--
INFO: Run Behavior\BuildLiteBehavior [ RunTime:0.000014s ]
INFO: [ app_init ] --END-- [ RunTime:0.000349s ]
INFO: [ app_begin ] --START--
INFO: Run Behavior\ReadHtmlCacheBehavior [ RunTime:0.000443s ]
INFO: [ app_begin ] --END-- [ RunTime:0.000499s ]
SQL: SHOW COLUMNS FROM `user_info` [ RunTime:0.0027s ]
SQL: SELECT * FROM `user_info` WHERE `userEmail` = '123456@qq.com' LIMIT 1   [ RunTime:0.0004s ]
NOTIC: [8] Array to string conversion D:\xampp\htdocs\apply\App\Home\Controller\WebShowController.class.php 第 18 行.

[ 2015-04-15T08:56:23+08:00 ] ::1 /apply/index.php/Home/WebShow/indi_resumeNum_interNum_show
INFO: [ app_init ] --START--
INFO: Run Behavior\BuildLiteBehavior [ RunTime:0.000014s ]
INFO: [ app_init ] --END-- [ RunTime:0.000326s ]
INFO: [ app_begin ] --START--
INFO: Run Behavior\ReadHtmlCacheBehavior [ RunTime:0.000409s ]
INFO: [ app_begin ] --END-- [ RunTime:0.000458s ]
SQL: SHOW COLUMNS FROM `user_info` [ RunTime:0.0032s ]
SQL: SELECT * FROM `user_info` WHERE `userEmail` = '123456@qq.com' LIMIT 1   [ RunTime:0.0003s ]

[ 2015-04-15T08:57:05+08:00 ] ::1 /apply/index.php/Home/WebShow/indi_resumeNum_interNum_show
INFO: [ app_init ] --START--
INFO: Run Behavior\BuildLiteBehavior [ RunTime:0.000015s ]
INFO: [ app_init ] --END-- [ RunTime:0.000387s ]
INFO: [ app_begin ] --START--
INFO: Run Behavior\ReadHtmlCacheBehavior [ RunTime:0.000540s ]
INFO: [ app_begin ] --END-- [ RunTime:0.000593s ]
SQL: SHOW COLUMNS FROM `user_info` [ RunTime:0.0031s ]
SQL: SELECT * FROM `user_info` WHERE `userEmail` = '123456@qq.com'  [ RunTime:0.0005s ]

[ 2015-04-15T08:58:02+08:00 ] ::1 /apply/index.php/Home/WebShow/indi_resumeNum_interNum_show
INFO: [ app_init ] --START--
INFO: Run Behavior\BuildLiteBehavior [ RunTime:0.000013s ]
INFO: [ app_init ] --END-- [ RunTime:0.000327s ]
INFO: [ app_begin ] --START--
INFO: Run Behavior\ReadHtmlCacheBehavior [ RunTime:0.000420s ]
INFO: [ app_begin ] --END-- [ RunTime:0.000472s ]
SQL: SHOW COLUMNS FROM `user_info` [ RunTime:0.0028s ]
SQL: SELECT * FROM `user_info` WHERE `userEmail` = '123456@qq.com'  [ RunTime:0.0005s ]

[ 2015-04-15T08:58:13+08:00 ] ::1 /apply/index.php/Home/WebShow/indi_resumeNum_interNum_show
INFO: [ app_init ] --START--
INFO: Run Behavior\BuildLiteBehavior [ RunTime:0.000014s ]
INFO: [ app_init ] --END-- [ RunTime:0.000319s ]
INFO: [ app_begin ] --START--
INFO: Run Behavior\ReadHtmlCacheBehavior [ RunTime:0.000408s ]
INFO: [ app_begin ] --END-- [ RunTime:0.000460s ]
SQL: SHOW COLUMNS FROM `user_info` [ RunTime:0.0029s ]
SQL: SELECT * FROM `user_info` WHERE `userEmail` = '123456@qq.com'  [ RunTime:0.0004s ]
NOTIC: [8] Undefined index: userEmail D:\xampp\htdocs\apply\App\Home\Controller\WebShowController.class.php 第 16 行.

[ 2015-04-15T09:14:14+08:00 ] ::1 /apply/index.php/Home/WebShow/indi_resumeNum_interNum_show
INFO: [ app_init ] --START--
INFO: Run Behavior\BuildLiteBehavior [ RunTime:0.000015s ]
INFO: [ app_init ] --END-- [ RunTime:0.000390s ]
INFO: [ app_begin ] --START--
INFO: Run Behavior\ReadHtmlCacheBehavior [ RunTime:0.000578s ]
INFO: [ app_begin ] --END-- [ RunTime:0.000635s ]
SQL: SHOW COLUMNS FROM `applicant_info` [ RunTime:0.0031s ]
SQL: SELECT * FROM `applicant_info` WHERE `applicantId` = 123456 LIMIT 1   [ RunTime:0.0004s ]

[ 2015-04-15T09:14:15+08:00 ] ::1 /apply/index.php/Home/WebShow/indi_resumeNum_interNum_show
INFO: [ app_init ] --START--
INFO: Run Behavior\BuildLiteBehavior [ RunTime:0.000014s ]
INFO: [ app_init ] --END-- [ RunTime:0.000319s ]
INFO: [ app_begin ] --START--
INFO: Run Behavior\ReadHtmlCacheBehavior [ RunTime:0.000404s ]
INFO: [ app_begin ] --END-- [ RunTime:0.000452s ]
SQL: SHOW COLUMNS FROM `applicant_info` [ RunTime:0.0028s ]
SQL: SELECT * FROM `applicant_info` WHERE `applicantId` = 123456 LIMIT 1   [ RunTime:0.0004s ]

[ 2015-04-15T09:14:30+08:00 ] ::1 /apply/index.php/Home/WebShow/indi_resumeNum_interNum_show
INFO: [ app_init ] --START--
INFO: Run Behavior\BuildLiteBehavior [ RunTime:0.000016s ]
INFO: [ app_init ] --END-- [ RunTime:0.000368s ]
INFO: [ app_begin ] --START--
INFO: Run Behavior\ReadHtmlCacheBehavior [ RunTime:0.000440s ]
INFO: [ app_begin ] --END-- [ RunTime:0.000496s ]
SQL: SHOW COLUMNS FROM `applicant_info` [ RunTime:0.0035s ]
SQL: SELECT * FROM `applicant_info` WHERE `applicantId` = 5 LIMIT 1   [ RunTime:0.0006s ]
NOTIC: [8] Array to string conversion D:\xampp\htdocs\apply\App\Home\Controller\WebShowController.class.php 第 16 行.

[ 2015-04-15T09:14:42+08:00 ] ::1 /apply/index.php/Home/WebShow/indi_resumeNum_interNum_show
INFO: [ app_init ] --START--
INFO: Run Behavior\BuildLiteBehavior [ RunTime:0.000022s ]
INFO: [ app_init ] --END-- [ RunTime:0.000492s ]
INFO: [ app_begin ] --START--
INFO: Run Behavior\ReadHtmlCacheBehavior [ RunTime:0.000654s ]
INFO: [ app_begin ] --END-- [ RunTime:0.000741s ]
SQL: SHOW COLUMNS FROM `applicant_info` [ RunTime:0.0028s ]
SQL: SELECT * FROM `applicant_info` WHERE `applicantId` = 5 LIMIT 1   [ RunTime:0.0004s ]

[ 2015-04-15T09:16:38+08:00 ] ::1 /apply/index.php/Home/WebShow/indi_resumeNum_interNum_show
INFO: [ app_init ] --START--
INFO: Run Behavior\BuildLiteBehavior [ RunTime:0.000015s ]
INFO: [ app_init ] --END-- [ RunTime:0.000423s ]
INFO: [ app_begin ] --START--
INFO: Run Behavior\ReadHtmlCacheBehavior [ RunTime:0.000564s ]
INFO: [ app_begin ] --END-- [ RunTime:0.000614s ]
SQL: SHOW COLUMNS FROM `applicant_info` [ RunTime:0.0028s ]
SQL: SELECT * FROM `applicant_info` WHERE `applicantId` = 5 LIMIT 1   [ RunTime:0.0004s ]
NOTIC: [8] Undefined offset: 0 D:\xampp\htdocs\apply\App\Home\Controller\WebShowController.class.php 第 16 行.
NOTIC: [8] Undefined offset: 0 D:\xampp\htdocs\apply\App\Home\Controller\WebShowController.class.php 第 17 行.

[ 2015-04-15T09:16:53+08:00 ] ::1 /apply/index.php/Home/WebShow/indi_resumeNum_interNum_show
INFO: [ app_init ] --START--
INFO: Run Behavior\BuildLiteBehavior [ RunTime:0.000014s ]
INFO: [ app_init ] --END-- [ RunTime:0.000334s ]
INFO: [ app_begin ] --START--
INFO: Run Behavior\ReadHtmlCacheBehavior [ RunTime:0.000490s ]
INFO: [ app_begin ] --END-- [ RunTime:0.000550s ]
SQL: SHOW COLUMNS FROM `applicant_info` [ RunTime:0.0033s ]
SQL: SELECT * FROM `applicant_info` WHERE `applicantId` = 5  [ RunTime:0.0004s ]
NOTIC: [8] Undefined index: applicantDelieverNum D:\xampp\htdocs\apply\App\Home\Controller\WebShowController.class.php 第 16 行.
NOTIC: [8] Undefined index: applicantInterviewNum D:\xampp\htdocs\apply\App\Home\Controller\WebShowController.class.php 第 17 行.

[ 2015-04-15T09:16:53+08:00 ] ::1 /apply/index.php/Home/WebShow/indi_resumeNum_interNum_show
INFO: [ app_init ] --START--
INFO: Run Behavior\BuildLiteBehavior [ RunTime:0.000014s ]
INFO: [ app_init ] --END-- [ RunTime:0.000330s ]
INFO: [ app_begin ] --START--
INFO: Run Behavior\ReadHtmlCacheBehavior [ RunTime:0.000407s ]
INFO: [ app_begin ] --END-- [ RunTime:0.000466s ]
SQL: SHOW COLUMNS FROM `applicant_info` [ RunTime:0.0028s ]
SQL: SELECT * FROM `applicant_info` WHERE `applicantId` = 5  [ RunTime:0.0004s ]
NOTIC: [8] Undefined index: applicantDelieverNum D:\xampp\htdocs\apply\App\Home\Controller\WebShowController.class.php 第 16 行.
NOTIC: [8] Undefined index: applicantInterviewNum D:\xampp\htdocs\apply\App\Home\Controller\WebShowController.class.php 第 17 行.

[ 2015-04-15T09:17:18+08:00 ] ::1 /apply/index.php/Home/WebShow/indi_resumeNum_interNum_show
INFO: [ app_init ] --START--
INFO: Run Behavior\BuildLiteBehavior [ RunTime:0.000013s ]
INFO: [ app_init ] --END-- [ RunTime:0.000325s ]
INFO: [ app_begin ] --START--
INFO: Run Behavior\ReadHtmlCacheBehavior [ RunTime:0.000408s ]
INFO: [ app_begin ] --END-- [ RunTime:0.000457s ]
SQL: SHOW COLUMNS FROM `applicant_info` [ RunTime:0.0030s ]
SQL: SELECT * FROM `applicant_info` WHERE `applicantId` = 5  [ RunTime:0.0005s ]
NOTIC: [8] Undefined index: applicantDelieverNum D:\xampp\htdocs\apply\App\Home\Controller\WebShowController.class.php 第 17 行.
NOTIC: [8] Undefined index: applicantInterviewNum D:\xampp\htdocs\apply\App\Home\Controller\WebShowController.class.php 第 18 行.

[ 2015-04-15T09:17:38+08:00 ] ::1 /apply/index.php/Home/WebShow/indi_resumeNum_interNum_show
INFO: [ app_init ] --START--
INFO: Run Behavior\BuildLiteBehavior [ RunTime:0.000023s ]
INFO: [ app_init ] --END-- [ RunTime:0.000543s ]
INFO: [ app_begin ] --START--
INFO: Run Behavior\ReadHtmlCacheBehavior [ RunTime:0.000690s ]
INFO: [ app_begin ] --END-- [ RunTime:0.000776s ]
SQL: SHOW COLUMNS FROM `applicant_info` [ RunTime:0.0037s ]
SQL: SELECT * FROM `applicant_info` WHERE `applicantId` = 5  [ RunTime:0.0005s ]
NOTIC: [8] Undefined index: applicantdelieverNum D:\xampp\htdocs\apply\App\Home\Controller\WebShowController.class.php 第 17 行.
NOTIC: [8] Undefined index: applicantinterviewNum D:\xampp\htdocs\apply\App\Home\Controller\WebShowController.class.php 第 18 行.

[ 2015-04-15T09:17:39+08:00 ] ::1 /apply/index.php/Home/WebShow/indi_resumeNum_interNum_show
INFO: [ app_init ] --START--
INFO: Run Behavior\BuildLiteBehavior [ RunTime:0.000018s ]
INFO: [ app_init ] --END-- [ RunTime:0.000338s ]
INFO: [ app_begin ] --START--
INFO: Run Behavior\ReadHtmlCacheBehavior [ RunTime:0.000430s ]
INFO: [ app_begin ] --END-- [ RunTime:0.000492s ]
SQL: SHOW COLUMNS FROM `applicant_info` [ RunTime:0.0028s ]
SQL: SELECT * FROM `applicant_info` WHERE `applicantId` = 5  [ RunTime:0.0004s ]
NOTIC: [8] Undefined index: applicantdelieverNum D:\xampp\htdocs\apply\App\Home\Controller\WebShowController.class.php 第 17 行.
NOTIC: [8] Undefined index: applicantinterviewNum D:\xampp\htdocs\apply\App\Home\Controller\WebShowController.class.php 第 18 行.

[ 2015-04-15T09:17:53+08:00 ] ::1 /apply/index.php/Home/WebShow/indi_resumeNum_interNum_show
INFO: [ app_init ] --START--
INFO: Run Behavior\BuildLiteBehavior [ RunTime:0.000015s ]
INFO: [ app_init ] --END-- [ RunTime:0.000369s ]
INFO: [ app_begin ] --START--
INFO: Run Behavior\ReadHtmlCacheBehavior [ RunTime:0.000417s ]
INFO: [ app_begin ] --END-- [ RunTime:0.000465s ]
SQL: SHOW COLUMNS FROM `applicant_info` [ RunTime:0.0028s ]
SQL: SELECT * FROM `applicant_info` WHERE `applicantId` = 5  [ RunTime:0.0005s ]

[ 2015-04-15T11:17:27+08:00 ] ::1 /apply/index.php/Home/WebShow/indi_resumeNum_interNum_show
INFO: [ app_init ] --START--
INFO: Run Behavior\BuildLiteBehavior [ RunTime:0.000013s ]
INFO: [ app_init ] --END-- [ RunTime:0.000384s ]
INFO: [ app_begin ] --START--
INFO: Run Behavior\ReadHtmlCacheBehavior [ RunTime:0.000553s ]
INFO: [ app_begin ] --END-- [ RunTime:0.000606s ]
SQL: SHOW COLUMNS FROM `applicant_info` [ RunTime:0.0029s ]
SQL: SELECT * FROM `applicant_info` WHERE `applicantId` = 5  [ RunTime:0.0004s ]

[ 2015-04-15T11:17:34+08:00 ] ::1 /apply/index.php/Home/WebShow/indi_resumeBeScanedNum_show
INFO: [ app_init ] --START--
INFO: Run Behavior\BuildLiteBehavior [ RunTime:0.000013s ]
INFO: [ app_init ] --END-- [ RunTime:0.000437s ]
INFO: [ app_begin ] --START--
INFO: Run Behavior\ReadHtmlCacheBehavior [ RunTime:0.000545s ]
INFO: [ app_begin ] --END-- [ RunTime:0.000605s ]
SQL: SHOW COLUMNS FROM `applicant_info` [ RunTime:0.0030s ]
SQL: SELECT * FROM `applicant_info` WHERE `applicantId` = 5  [ RunTime:0.0004s ]

[ 2015-04-15T11:20:39+08:00 ] ::1 /apply/index.php/Home/WebShow/indi_resumeCompletedper_show
INFO: [ app_init ] --START--
INFO: Run Behavior\BuildLiteBehavior [ RunTime:0.000015s ]
INFO: [ app_init ] --END-- [ RunTime:0.000436s ]
INFO: [ app_begin ] --START--
INFO: Run Behavior\ReadHtmlCacheBehavior [ RunTime:0.000719s ]
INFO: [ app_begin ] --END-- [ RunTime:0.000784s ]
SQL: SHOW COLUMNS FROM `resume_info` [ RunTime:0.0541s ]
SQL: SELECT * FROM `resume_info`  [ RunTime:0.0004s ]
NOTIC: [8] Undefined offset: 0 D:\xampp\htdocs\apply\App\Home\Controller\WebShowController.class.php 第 50 行.

[ 2015-04-15T11:22:32+08:00 ] ::1 /apply/index.php/Home/WebShow/indi_resumeCompletedper_show
INFO: [ app_init ] --START--
INFO: Run Behavior\BuildLiteBehavior [ RunTime:0.000013s ]
INFO: [ app_init ] --END-- [ RunTime:0.000371s ]
INFO: [ app_begin ] --START--
INFO: Run Behavior\ReadHtmlCacheBehavior [ RunTime:0.000543s ]
INFO: [ app_begin ] --END-- [ RunTime:0.000596s ]
SQL: SHOW COLUMNS FROM `resume_info` [ RunTime:0.0032s ]
SQL: SELECT * FROM `resume_info` WHERE `applicantId` = 1  [ RunTime:0.0005s ]
NOTIC: [8] Undefined index: resumeprogres D:\xampp\htdocs\apply\App\Home\Controller\WebShowController.class.php 第 50 行.

[ 2015-04-15T11:22:42+08:00 ] ::1 /apply/index.php/Home/WebShow/indi_resumeCompletedper_show
INFO: [ app_init ] --START--
INFO: Run Behavior\BuildLiteBehavior [ RunTime:0.000013s ]
INFO: [ app_init ] --END-- [ RunTime:0.000392s ]
INFO: [ app_begin ] --START--
INFO: Run Behavior\ReadHtmlCacheBehavior [ RunTime:0.000520s ]
INFO: [ app_begin ] --END-- [ RunTime:0.000566s ]
SQL: SHOW COLUMNS FROM `resume_info` [ RunTime:0.0027s ]
SQL: SELECT * FROM `resume_info` WHERE `applicantId` = 1  [ RunTime:0.0005s ]

[ 2015-04-15T11:32:00+08:00 ] ::1 /apply/index.php/Home/WebShow/indi_chosenJob_show
INFO: [ app_init ] --START--
INFO: Run Behavior\BuildLiteBehavior [ RunTime:0.000013s ]
INFO: [ app_init ] --END-- [ RunTime:0.000382s ]
INFO: [ app_begin ] --START--
INFO: Run Behavior\ReadHtmlCacheBehavior [ RunTime:0.000515s ]
INFO: [ app_begin ] --END-- [ RunTime:0.000572s ]
ERR: 非法操作:indi_chosenJob_show

[ 2015-04-15T11:32:47+08:00 ] ::1 /apply/index.php/Home/WebShow/indi_resumeCompletedper_show
INFO: [ app_init ] --START--
INFO: Run Behavior\BuildLiteBehavior [ RunTime:0.000011s ]
INFO: [ app_init ] --END-- [ RunTime:0.000369s ]
INFO: [ app_begin ] --START--
INFO: Run Behavior\ReadHtmlCacheBehavior [ RunTime:0.000495s ]
INFO: [ app_begin ] --END-- [ RunTime:0.000541s ]
SQL: SHOW COLUMNS FROM `resume_info` [ RunTime:0.0027s ]
SQL: SELECT * FROM `resume_info` WHERE `applicantId` = 1  [ RunTime:0.0005s ]

[ 2015-04-15T11:32:48+08:00 ] ::1 /apply/index.php/Home/WebShow/indi_resumeCompletedper_show
INFO: [ app_init ] --START--
INFO: Run Behavior\BuildLiteBehavior [ RunTime:0.000012s ]
INFO: [ app_init ] --END-- [ RunTime:0.000331s ]
INFO: [ app_begin ] --START--
INFO: Run Behavior\ReadHtmlCacheBehavior [ RunTime:0.000410s ]
INFO: [ app_begin ] --END-- [ RunTime:0.000455s ]
SQL: SHOW COLUMNS FROM `resume_info` [ RunTime:0.0026s ]
SQL: SELECT * FROM `resume_info` WHERE `applicantId` = 1  [ RunTime:0.0004s ]

[ 2015-04-15T11:32:49+08:00 ] ::1 /apply/index.php/Home/WebShow/indi_resumeCompletedper_show
INFO: [ app_init ] --START--
INFO: Run Behavior\BuildLiteBehavior [ RunTime:0.000011s ]
INFO: [ app_init ] --END-- [ RunTime:0.000338s ]
INFO: [ app_begin ] --START--
INFO: Run Behavior\ReadHtmlCacheBehavior [ RunTime:0.000382s ]
INFO: [ app_begin ] --END-- [ RunTime:0.000426s ]
SQL: SHOW COLUMNS FROM `resume_info` [ RunTime:0.0026s ]
SQL: SELECT * FROM `resume_info` WHERE `applicantId` = 1  [ RunTime:0.0004s ]

[ 2015-04-15T11:32:49+08:00 ] ::1 /apply/index.php/Home/WebShow/indi_chosenJob_show
INFO: [ app_init ] --START--
INFO: Run Behavior\BuildLiteBehavior [ RunTime:0.000011s ]
INFO: [ app_init ] --END-- [ RunTime:0.000341s ]
INFO: [ app_begin ] --START--
INFO: Run Behavior\ReadHtmlCacheBehavior [ RunTime:0.000447s ]
INFO: [ app_begin ] --END-- [ RunTime:0.000508s ]
ERR: 非法操作:indi_chosenJob_show

[ 2015-04-15T11:32:51+08:00 ] ::1 /apply/index.php/Home/WebShow/indi_chosenJob_show
INFO: [ app_init ] --START--
INFO: Run Behavior\BuildLiteBehavior [ RunTime:0.000011s ]
INFO: [ app_init ] --END-- [ RunTime:0.000301s ]
INFO: [ app_begin ] --START--
INFO: Run Behavior\ReadHtmlCacheBehavior [ RunTime:0.000440s ]
INFO: [ app_begin ] --END-- [ RunTime:0.000496s ]
ERR: 非法操作:indi_chosenJob_show

[ 2015-04-15T11:33:34+08:00 ] ::1 /apply/index.php/Home/WebShow/indi_chosenJob_show
INFO: [ app_init ] --START--
INFO: Run Behavior\BuildLiteBehavior [ RunTime:0.000012s ]
INFO: [ app_init ] --END-- [ RunTime:0.000300s ]
INFO: [ app_begin ] --START--
INFO: Run Behavior\ReadHtmlCacheBehavior [ RunTime:0.000380s ]
INFO: [ app_begin ] --END-- [ RunTime:0.000442s ]
SQL: SHOW COLUMNS FROM `resume_info` [ RunTime:0.0027s ]
SQL: SELECT * FROM `resume_info` WHERE `applicantId` = 1  [ RunTime:0.0004s ]

