[ 2015-04-16T15:48:59+08:00 ] ::1 /apply/index.php
INFO: [ app_init ] --START--
INFO: Run Behavior\BuildLiteBehavior [ RunTime:0.000055s ]
INFO: [ app_init ] --END-- [ RunTime:0.043541s ]
INFO: [ app_begin ] --START--
INFO: Run Behavior\ReadHtmlCacheBehavior [ RunTime:0.007582s ]
INFO: [ app_begin ] --END-- [ RunTime:0.007712s ]
INFO: [ view_parse ] --START--
INFO: [ template_filter ] --START--
INFO: Run Behavior\ContentReplaceBehavior [ RunTime:0.000165s ]
INFO: [ template_filter ] --END-- [ RunTime:0.000411s ]
NOTIC: [8] Undefined variable: d D:\xampp\htdocs\apply\App\Runtime\Cache\Home\6c4ff2cd8a81a789bf60aca2850cd8fd.php 第 29 行.
INFO: Run Behavior\ParseTemplateBehavior [ RunTime:0.083394s ]
INFO: [ view_parse ] --END-- [ RunTime:0.083487s ]
INFO: [ view_filter ] --START--
INFO: Run Behavior\WriteHtmlCacheBehavior [ RunTime:0.007727s ]
INFO: [ view_filter ] --END-- [ RunTime:0.007825s ]
INFO: [ app_end ] --START--
INFO: Run Behavior\ShowPageTraceBehavior [ RunTime:0.026155s ]
INFO: [ app_end ] --END-- [ RunTime:0.026225s ]

[ 2015-04-16T15:49:13+08:00 ] ::1 /apply/index.php/Home/WebShow/indi_resumeNum_interNum_show
INFO: [ app_init ] --START--
INFO: Run Behavior\BuildLiteBehavior [ RunTime:0.000022s ]
INFO: [ app_init ] --END-- [ RunTime:0.000578s ]
INFO: [ app_begin ] --START--
INFO: Run Behavior\ReadHtmlCacheBehavior [ RunTime:0.001106s ]
INFO: [ app_begin ] --END-- [ RunTime:0.001213s ]
SQL: SHOW COLUMNS FROM `applicant_info` [ RunTime:0.0296s ]
SQL: SELECT * FROM `applicant_info` WHERE `applicantId` = 5  [ RunTime:0.0006s ]
NOTIC: [8] Undefined variable: DelieverNum D:\xampp\htdocs\apply\App\Home\Controller\WebShowController.class.php 第 16 行.

[ 2015-04-16T15:49:37+08:00 ] ::1 /apply/index.php/Home/WebShow/indi_chosenJob_show
INFO: [ app_init ] --START--
INFO: Run Behavior\BuildLiteBehavior [ RunTime:0.000013s ]
INFO: [ app_init ] --END-- [ RunTime:0.000421s ]
INFO: [ app_begin ] --START--
INFO: Run Behavior\ReadHtmlCacheBehavior [ RunTime:0.000639s ]
INFO: [ app_begin ] --END-- [ RunTime:0.000697s ]
SQL: SHOW COLUMNS FROM `resume_info` [ RunTime:0.0899s ]
SQL: SELECT * FROM `resume_info` WHERE `applicantId` = 1  [ RunTime:0.0004s ]

